<?xml version="1.0" encoding="UTF-8"?>
<testsuite xmlns:xsi="http://www.w3.org/2001/XMLSchema-instance" xsi:noNamespaceSchemaLocation="https://maven.apache.org/surefire/maven-surefire-plugin/xsd/surefire-test-report-3.0.xsd" version="3.0" name="com.hrms.runners.TestRunner" time="15.391" tests="8" errors="0" skipped="8" failures="0">
  <properties>
[...]
</properties>
  <testcase name="Creating an Employee" classname="Syntax HRMS API Workflow" time="0">
    <skipped message="The step &quot;a JWT is generated&quot; is undefined. You can implement it using the snippet(s) below:&#10;&#10;@Given(&quot;a JWT is generated&quot;)&#10;public void a_JWT_is_generated() {&#10;    // Write code here that turns the phrase above into concrete actions&#10;    throw new io.cucumber.java.PendingException();&#10;}&#10;&#10;&#10;Some other steps were also undefined:&#10;&#10;@Given(&quot;a request is prepared to create an employee&quot;)&#10;public void a_request_is_prepared_to_create_an_employee() {&#10;    // Write code here that turns the phrase above into concrete actions&#10;    throw new io.cucumber.java.PendingException();&#10;}&#10;@When(&quot;a POST call is made to create an employee&quot;)&#10;public void a_POST_call_is_made_to_create_an_employee() {&#10;    // Write code here that turns the phrase above into concrete actions&#10;    throw new io.cucumber.java.PendingException();&#10;}&#10;@Then(&quot;the status code is {int}&quot;)&#10;public void the_status_code_is(Integer int1) {&#10;    // Write code here that turns the phrase above into concrete actions&#10;    throw new io.cucumber.java.PendingException();&#10;}&#10;@Then(&quot;the employee is created contains key {string} and value {string}&quot;)&#10;public void the_employee_is_created_contains_key_and_value(String string, String string2) {&#10;    // Write code here that turns the phrase above into concrete actions&#10;    throw new io.cucumber.java.PendingException();&#10;}&#10;@Then(&quot;the employee ID {string} is stored in the global variable to be used for other calls&quot;)&#10;public void the_employee_ID_is_stored_in_the_global_variable_to_be_used_for_other_calls(String string) {&#10;    // Write code here that turns the phrase above into concrete actions&#10;    throw new io.cucumber.java.PendingException();&#10;}&#10;@Then(&quot;a GET call is made to verify the data is updated for all employees {string} with&quot;)&#10;public void a_GET_call_is_made_to_verify_the_data_is_updated_for_all_employees_with(String string, io.cucumber.datatable.DataTable dataTable) {&#10;    // Write code here that turns the phrase above into concrete actions&#10;    // For automatic transformation, change DataTable to one of&#10;    // E, List&lt;E&gt;, List&lt;List&lt;E&gt;&gt;, List&lt;Map&lt;K,V&gt;&gt;, Map&lt;K,V&gt; or&#10;    // Map&lt;K, List&lt;V&gt;&gt;. E,K,V must be a String, Integer, Float,&#10;    // Double, Byte, Short, Long, BigInteger or BigDecimal.&#10;    //&#10;    // For other transformations you can register a DataTableType.&#10;    throw new io.cucumber.java.PendingException();&#10;}&#10;"/>
    <system-out><![CDATA[
@apiWorkflow
Scenario: Creating an Employee                                                                              &amp#27;[90m# src/test/resources/features/apiWorkflow.feature:10&amp#27;[0m
  &amp#27;[33mGiven &amp#27;[0m&amp#27;[33ma JWT is generated&amp#27;[0m                                                                                  &amp#27;[90m# null&amp#27;[0m
  &amp#27;[33mGiven &amp#27;[0m&amp#27;[33ma request is prepared to create an employee&amp#27;[0m                                                         &amp#27;[90m# null&amp#27;[0m
  &amp#27;[33mWhen &amp#27;[0m&amp#27;[33ma POST call is made to create an employee&amp#27;[0m                                                            &amp#27;[90m# null&amp#27;[0m
  &amp#27;[33mThen &amp#27;[0m&amp#27;[33mthe status code is 201&amp#27;[0m                                                                               &amp#27;[90m# null&amp#27;[0m
  &amp#27;[33mAnd &amp#27;[0m&amp#27;[33mthe employee is created contains key "Message" and value "Entry Created"&amp#27;[0m                              &amp#27;[90m# null&amp#27;[0m
  &amp#27;[33mAnd &amp#27;[0m&amp#27;[33mthe employee ID "Employee[0].employee_id" is stored in the global variable to be used for other calls&amp#27;[0m &amp#27;[90m# null&amp#27;[0m
  &amp#27;[33mAnd &amp#27;[0m&amp#27;[33ma GET call is made to verify the data is updated for all employees "employee" with&amp#27;[0m                    &amp#27;[90m# null&amp#27;[0m

    Embedding Creating an Employee [image/png 195820 bytes]

]]></system-out>
    <system-err><![CDATA[Mar 06, 2021 1:46:43 PM io.cucumber.junit.Cucumber <init>
WARNING: By default Cucumber is running in --non-strict mode.
This default will change to --strict and --non-strict will be removed.
You can use --strict or @CucumberOptions(strict = true) to suppress this warning
SLF4J: Failed to load class "org.slf4j.impl.StaticLoggerBinder".
SLF4J: Defaulting to no-operation (NOP) logger implementation
SLF4J: See http://www.slf4j.org/codes.html#StaticLoggerBinder for further details.
Starting ChromeDriver 88.0.4324.96 (68dba2d8a0b149a1d3afac56fa74648032bcf46b-refs/branch-heads/4324@{#1784}) on port 33221
Only local connections are allowed.
Please see https://chromedriver.chromium.org/security-considerations for suggestions on keeping ChromeDriver safe.
ChromeDriver was started successfully.
Mar 06, 2021 1:46:44 PM org.openqa.selenium.remote.ProtocolHandshake createSession
INFO: Detected dialect: W3C
]]></system-err>
  </testcase>
  <testcase name="Retrieving the created Employee" classname="Syntax HRMS API Workflow" time="0">
    <skipped message="The step &quot;a JWT is generated&quot; is undefined. You can implement it using the snippet(s) below:&#10;&#10;@Given(&quot;a JWT is generated&quot;)&#10;public void a_JWT_is_generated() {&#10;    // Write code here that turns the phrase above into concrete actions&#10;    throw new io.cucumber.java.PendingException();&#10;}&#10;&#10;&#10;Some other steps were also undefined:&#10;&#10;@Given(&quot;a request is prepared to retrieve the created Employee&quot;)&#10;public void a_request_is_prepared_to_retrieve_the_created_Employee() {&#10;    // Write code here that turns the phrase above into concrete actions&#10;    throw new io.cucumber.java.PendingException();&#10;}&#10;@When(&quot;a GET call is made to retrieve the created Employee&quot;)&#10;public void a_GET_call_is_made_to_retrieve_the_created_Employee() {&#10;    // Write code here that turns the phrase above into concrete actions&#10;    throw new io.cucumber.java.PendingException();&#10;}&#10;@Then(&quot;the status code is {int}&quot;)&#10;public void the_status_code_is(Integer int1) {&#10;    // Write code here that turns the phrase above into concrete actions&#10;    throw new io.cucumber.java.PendingException();&#10;}&#10;@Then(&quot;retrieved EmployeeID {string} matches the globally stored EmployeeID&quot;)&#10;public void retrieved_EmployeeID_matches_the_globally_stored_EmployeeID(String string) {&#10;    // Write code here that turns the phrase above into concrete actions&#10;    throw new io.cucumber.java.PendingException();&#10;}&#10;@Then(&quot;the retrieved data matched the data used to create the Employee&quot;)&#10;public void the_retrieved_data_matched_the_data_used_to_create_the_Employee() {&#10;    // Write code here that turns the phrase above into concrete actions&#10;    throw new io.cucumber.java.PendingException();&#10;}&#10;@Then(&quot;the retrieved data at {string} matches the data used to create the employee with employee ID {string}&quot;)&#10;public void the_retrieved_data_at_matches_the_data_used_to_create_the_employee_with_employee_ID(String string, String string2, io.cucumber.datatable.DataTable dataTable) {&#10;    // Write code here that turns the phrase above into concrete actions&#10;    // For automatic transformation, change DataTable to one of&#10;    // E, List&lt;E&gt;, List&lt;List&lt;E&gt;&gt;, List&lt;Map&lt;K,V&gt;&gt;, Map&lt;K,V&gt; or&#10;    // Map&lt;K, List&lt;V&gt;&gt;. E,K,V must be a String, Integer, Float,&#10;    // Double, Byte, Short, Long, BigInteger or BigDecimal.&#10;    //&#10;    // For other transformations you can register a DataTableType.&#10;    throw new io.cucumber.java.PendingException();&#10;}&#10;"/>
    <system-out><![CDATA[
@apiWorkflow
Scenario: Retrieving the created Employee                                                                                      &amp#27;[90m# src/test/resources/features/apiWorkflow.feature:22&amp#27;[0m
  &amp#27;[33mGiven &amp#27;[0m&amp#27;[33ma JWT is generated&amp#27;[0m                                                                                                     &amp#27;[90m# null&amp#27;[0m
  &amp#27;[33mGiven &amp#27;[0m&amp#27;[33ma request is prepared to retrieve the created Employee&amp#27;[0m                                                                 &amp#27;[90m# null&amp#27;[0m
  &amp#27;[33mWhen &amp#27;[0m&amp#27;[33ma GET call is made to retrieve the created Employee&amp#27;[0m                                                                     &amp#27;[90m# null&amp#27;[0m
  &amp#27;[33mThen &amp#27;[0m&amp#27;[33mthe status code is 200&amp#27;[0m                                                                                                  &amp#27;[90m# null&amp#27;[0m
  &amp#27;[33mAnd &amp#27;[0m&amp#27;[33mretrieved EmployeeID "employee[0].employee_id" matches the globally stored EmployeeID&amp#27;[0m                                    &amp#27;[90m# null&amp#27;[0m
  &amp#27;[33mAnd &amp#27;[0m&amp#27;[33mthe retrieved data matched the data used to create the Employee&amp#27;[0m                                                          &amp#27;[90m# null&amp#27;[0m
  &amp#27;[33mAnd &amp#27;[0m&amp#27;[33mthe retrieved data at "employee" matches the data used to create the employee with employee ID "employee[0].employee_id"&amp#27;[0m &amp#27;[90m# null&amp#27;[0m

    Embedding Retrieving the created Employee [image/png 195820 bytes]

]]></system-out>
    <system-err><![CDATA[Starting ChromeDriver 88.0.4324.96 (68dba2d8a0b149a1d3afac56fa74648032bcf46b-refs/branch-heads/4324@{#1784}) on port 36841
Only local connections are allowed.
Please see https://chromedriver.chromium.org/security-considerations for suggestions on keeping ChromeDriver safe.
ChromeDriver was started successfully.
Mar 06, 2021 1:46:46 PM org.openqa.selenium.remote.ProtocolHandshake createSession
INFO: Detected dialect: W3C
]]></system-err>
  </testcase>
  <testcase name="Update the created Employee" classname="Syntax HRMS API Workflow" time="0">
    <skipped message="The step &quot;a JWT is generated&quot; is undefined. You can implement it using the snippet(s) below:&#10;&#10;@Given(&quot;a JWT is generated&quot;)&#10;public void a_JWT_is_generated() {&#10;    // Write code here that turns the phrase above into concrete actions&#10;    throw new io.cucumber.java.PendingException();&#10;}&#10;&#10;&#10;Some other steps were also undefined:&#10;&#10;@Given(&quot;a request is prepared to update the Employee&quot;)&#10;public void a_request_is_prepared_to_update_the_Employee() {&#10;    // Write code here that turns the phrase above into concrete actions&#10;    throw new io.cucumber.java.PendingException();&#10;}&#10;@When(&quot;a PUT call is made to update the Employee&quot;)&#10;public void a_PUT_call_is_made_to_update_the_Employee() {&#10;    // Write code here that turns the phrase above into concrete actions&#10;    throw new io.cucumber.java.PendingException();&#10;}&#10;@Then(&quot;the status code is {int}&quot;)&#10;public void the_status_code_is(Integer int1) {&#10;    // Write code here that turns the phrase above into concrete actions&#10;    throw new io.cucumber.java.PendingException();&#10;}&#10;@Then(&quot;the updated Employee contains key {string} and value {string}&quot;)&#10;public void the_updated_Employee_contains_key_and_value(String string, String string2) {&#10;    // Write code here that turns the phrase above into concrete actions&#10;    throw new io.cucumber.java.PendingException();&#10;}&#10;"/>
    <system-out><![CDATA[
@apiWorkflow
Scenario: Update the created Employee                                       &amp#27;[90m# src/test/resources/features/apiWorkflow.feature:33&amp#27;[0m
  &amp#27;[33mGiven &amp#27;[0m&amp#27;[33ma JWT is generated&amp#27;[0m                                                  &amp#27;[90m# null&amp#27;[0m
  &amp#27;[33mGiven &amp#27;[0m&amp#27;[33ma request is prepared to update the Employee&amp#27;[0m                        &amp#27;[90m# null&amp#27;[0m
  &amp#27;[33mWhen &amp#27;[0m&amp#27;[33ma PUT call is made to update the Employee&amp#27;[0m                            &amp#27;[90m# null&amp#27;[0m
  &amp#27;[33mThen &amp#27;[0m&amp#27;[33mthe status code is 201&amp#27;[0m                                               &amp#27;[90m# null&amp#27;[0m
  &amp#27;[33mAnd &amp#27;[0m&amp#27;[33mthe updated Employee contains key "Message" and value "Entry updated"&amp#27;[0m &amp#27;[90m# null&amp#27;[0m

    Embedding Update the created Employee [image/png 195820 bytes]

]]></system-out>
    <system-err><![CDATA[Starting ChromeDriver 88.0.4324.96 (68dba2d8a0b149a1d3afac56fa74648032bcf46b-refs/branch-heads/4324@{#1784}) on port 45021
Only local connections are allowed.
Please see https://chromedriver.chromium.org/security-considerations for suggestions on keeping ChromeDriver safe.
ChromeDriver was started successfully.
Mar 06, 2021 1:46:47 PM org.openqa.selenium.remote.ProtocolHandshake createSession
INFO: Detected dialect: W3C
]]></system-err>
  </testcase>
  <testcase name="Retrieving the updated Employee" classname="Syntax HRMS API Workflow" time="0">
    <skipped message="The step &quot;a JWT is generated&quot; is undefined. You can implement it using the snippet(s) below:&#10;&#10;@Given(&quot;a JWT is generated&quot;)&#10;public void a_JWT_is_generated() {&#10;    // Write code here that turns the phrase above into concrete actions&#10;    throw new io.cucumber.java.PendingException();&#10;}&#10;&#10;&#10;Some other steps were also undefined:&#10;&#10;@Given(&quot;a request is prepared to retrieve the updated Employee&quot;)&#10;public void a_request_is_prepared_to_retrieve_the_updated_Employee() {&#10;    // Write code here that turns the phrase above into concrete actions&#10;    throw new io.cucumber.java.PendingException();&#10;}&#10;@When(&quot;a GET call is made to retrieve the updated Employee&quot;)&#10;public void a_GET_call_is_made_to_retrieve_the_updated_Employee() {&#10;    // Write code here that turns the phrase above into concrete actions&#10;    throw new io.cucumber.java.PendingException();&#10;}&#10;@Then(&quot;the status code is {int}&quot;)&#10;public void the_status_code_is(Integer int1) {&#10;    // Write code here that turns the phrase above into concrete actions&#10;    throw new io.cucumber.java.PendingException();&#10;}&#10;@Then(&quot;the retrieved Employee_Middle_Name {string} matches the globally stored employee middle name&quot;)&#10;public void the_retrieved_Employee_Middle_Name_matches_the_globally_stored_employee_middle_name(String string) {&#10;    // Write code here that turns the phrase above into concrete actions&#10;    throw new io.cucumber.java.PendingException();&#10;}&#10;"/>
    <system-out><![CDATA[
@apiWorkflow
Scenario: Retrieving the updated Employee                                                                               &amp#27;[90m# src/test/resources/features/apiWorkflow.feature:39&amp#27;[0m
  &amp#27;[33mGiven &amp#27;[0m&amp#27;[33ma JWT is generated&amp#27;[0m                                                                                              &amp#27;[90m# null&amp#27;[0m
  &amp#27;[33mGiven &amp#27;[0m&amp#27;[33ma request is prepared to retrieve the updated Employee&amp#27;[0m                                                          &amp#27;[90m# null&amp#27;[0m
  &amp#27;[33mWhen &amp#27;[0m&amp#27;[33ma GET call is made to retrieve the updated Employee&amp#27;[0m                                                              &amp#27;[90m# null&amp#27;[0m
  &amp#27;[33mThen &amp#27;[0m&amp#27;[33mthe status code is 200&amp#27;[0m                                                                                           &amp#27;[90m# null&amp#27;[0m
  &amp#27;[33mAnd &amp#27;[0m&amp#27;[33mthe retrieved Employee_Middle_Name "employee[0].emp_middle_name" matches the globally stored employee middle name&amp#27;[0m &amp#27;[90m# null&amp#27;[0m

    Embedding Retrieving the updated Employee [image/png 195820 bytes]

]]></system-out>
    <system-err><![CDATA[Starting ChromeDriver 88.0.4324.96 (68dba2d8a0b149a1d3afac56fa74648032bcf46b-refs/branch-heads/4324@{#1784}) on port 4654
Only local connections are allowed.
Please see https://chromedriver.chromium.org/security-considerations for suggestions on keeping ChromeDriver safe.
ChromeDriver was started successfully.
Mar 06, 2021 1:46:49 PM org.openqa.selenium.remote.ProtocolHandshake createSession
INFO: Detected dialect: W3C
]]></system-err>
  </testcase>
  <testcase name="Partially updating the Employee" classname="Syntax HRMS API Workflow" time="0">
    <skipped message="The step &quot;a JWT is generated&quot; is undefined. You can implement it using the snippet(s) below:&#10;&#10;@Given(&quot;a JWT is generated&quot;)&#10;public void a_JWT_is_generated() {&#10;    // Write code here that turns the phrase above into concrete actions&#10;    throw new io.cucumber.java.PendingException();&#10;}&#10;&#10;&#10;Some other steps were also undefined:&#10;&#10;@Given(&quot;a request is prepared to partially update the Employee&quot;)&#10;public void a_request_is_prepared_to_partially_update_the_Employee() {&#10;    // Write code here that turns the phrase above into concrete actions&#10;    throw new io.cucumber.java.PendingException();&#10;}&#10;@When(&quot;a PATCH call is made to partially update the Employee&quot;)&#10;public void a_PATCH_call_is_made_to_partially_update_the_Employee() {&#10;    // Write code here that turns the phrase above into concrete actions&#10;    throw new io.cucumber.java.PendingException();&#10;}&#10;@Then(&quot;the status code is {int}&quot;)&#10;public void the_status_code_is(Integer int1) {&#10;    // Write code here that turns the phrase above into concrete actions&#10;    throw new io.cucumber.java.PendingException();&#10;}&#10;@Then(&quot;the partially updated Employee contains key {string} and value {string}&quot;)&#10;public void the_partially_updated_Employee_contains_key_and_value(String string, String string2) {&#10;    // Write code here that turns the phrase above into concrete actions&#10;    throw new io.cucumber.java.PendingException();&#10;}&#10;@Then(&quot;the retrieved Employee_First_Name {string} matches the globally stored employee middle name&quot;)&#10;public void the_retrieved_Employee_First_Name_matches_the_globally_stored_employee_middle_name(String string) {&#10;    // Write code here that turns the phrase above into concrete actions&#10;    throw new io.cucumber.java.PendingException();&#10;}&#10;"/>
    <system-out><![CDATA[
@apiWorkflow
Scenario: Partially updating the Employee                                                                            &amp#27;[90m# src/test/resources/features/apiWorkflow.feature:45&amp#27;[0m
  &amp#27;[33mGiven &amp#27;[0m&amp#27;[33ma JWT is generated&amp#27;[0m                                                                                           &amp#27;[90m# null&amp#27;[0m
  &amp#27;[33mGiven &amp#27;[0m&amp#27;[33ma request is prepared to partially update the Employee&amp#27;[0m                                                       &amp#27;[90m# null&amp#27;[0m
  &amp#27;[33mWhen &amp#27;[0m&amp#27;[33ma PATCH call is made to partially update the Employee&amp#27;[0m                                                         &amp#27;[90m# null&amp#27;[0m
  &amp#27;[33mThen &amp#27;[0m&amp#27;[33mthe status code is 201&amp#27;[0m                                                                                        &amp#27;[90m# null&amp#27;[0m
  &amp#27;[33mAnd &amp#27;[0m&amp#27;[33mthe partially updated Employee contains key "Message" and value "Entry updated"&amp#27;[0m                                &amp#27;[90m# null&amp#27;[0m
  &amp#27;[33mAnd &amp#27;[0m&amp#27;[33mthe retrieved Employee_First_Name "employee[0].emp_firstname" matches the globally stored employee middle name&amp#27;[0m &amp#27;[90m# null&amp#27;[0m

    Embedding Partially updating the Employee [image/png 195820 bytes]

]]></system-out>
    <system-err><![CDATA[Starting ChromeDriver 88.0.4324.96 (68dba2d8a0b149a1d3afac56fa74648032bcf46b-refs/branch-heads/4324@{#1784}) on port 15582
Only local connections are allowed.
Please see https://chromedriver.chromium.org/security-considerations for suggestions on keeping ChromeDriver safe.
ChromeDriver was started successfully.
Mar 06, 2021 1:46:51 PM org.openqa.selenium.remote.ProtocolHandshake createSession
INFO: Detected dialect: W3C
]]></system-err>
  </testcase>
  <testcase name="Delete the created Employee" classname="Syntax HRMS API Workflow" time="0">
    <skipped message="The step &quot;a JWT is generated&quot; is undefined. You can implement it using the snippet(s) below:&#10;&#10;@Given(&quot;a JWT is generated&quot;)&#10;public void a_JWT_is_generated() {&#10;    // Write code here that turns the phrase above into concrete actions&#10;    throw new io.cucumber.java.PendingException();&#10;}&#10;&#10;&#10;Some other steps were also undefined:&#10;&#10;@Given(&quot;a request is prepared to delete the Employee&quot;)&#10;public void a_request_is_prepared_to_delete_the_Employee() {&#10;    // Write code here that turns the phrase above into concrete actions&#10;    throw new io.cucumber.java.PendingException();&#10;}&#10;@When(&quot;a DELETE call is made to delete the Employee&quot;)&#10;public void a_DELETE_call_is_made_to_delete_the_Employee() {&#10;    // Write code here that turns the phrase above into concrete actions&#10;    throw new io.cucumber.java.PendingException();&#10;}&#10;@Then(&quot;the status code is {int}&quot;)&#10;public void the_status_code_is(Integer int1) {&#10;    // Write code here that turns the phrase above into concrete actions&#10;    throw new io.cucumber.java.PendingException();&#10;}&#10;@Then(&quot;the Employee is deleted contains key {string} and value {string}&quot;)&#10;public void the_Employee_is_deleted_contains_key_and_value(String string, String string2) {&#10;    // Write code here that turns the phrase above into concrete actions&#10;    throw new io.cucumber.java.PendingException();&#10;}&#10;@Then(&quot;the {string} is the same as the one stored in global&quot;)&#10;public void the_is_the_same_as_the_one_stored_in_global(String string) {&#10;    // Write code here that turns the phrase above into concrete actions&#10;    throw new io.cucumber.java.PendingException();&#10;}&#10;"/>
    <system-out><![CDATA[
@apiWorkflow
Scenario: Delete the created Employee                                          &amp#27;[90m# src/test/resources/features/apiWorkflow.feature:52&amp#27;[0m
  &amp#27;[33mGiven &amp#27;[0m&amp#27;[33ma JWT is generated&amp#27;[0m                                                     &amp#27;[90m# null&amp#27;[0m
  &amp#27;[33mGiven &amp#27;[0m&amp#27;[33ma request is prepared to delete the Employee&amp#27;[0m                           &amp#27;[90m# null&amp#27;[0m
  &amp#27;[33mWhen &amp#27;[0m&amp#27;[33ma DELETE call is made to delete the Employee&amp#27;[0m                            &amp#27;[90m# null&amp#27;[0m
  &amp#27;[33mThen &amp#27;[0m&amp#27;[33mthe status code is 201&amp#27;[0m                                                  &amp#27;[90m# null&amp#27;[0m
  &amp#27;[33mAnd &amp#27;[0m&amp#27;[33mthe Employee is deleted contains key "message" and value "Entry deleted"&amp#27;[0m &amp#27;[90m# null&amp#27;[0m
  &amp#27;[33mAnd &amp#27;[0m&amp#27;[33mthe "employee[0].employee_id" is the same as the one stored in global&amp#27;[0m    &amp#27;[90m# null&amp#27;[0m

    Embedding Delete the created Employee [image/png 195820 bytes]

]]></system-out>
    <system-err><![CDATA[Starting ChromeDriver 88.0.4324.96 (68dba2d8a0b149a1d3afac56fa74648032bcf46b-refs/branch-heads/4324@{#1784}) on port 41473
Only local connections are allowed.
Please see https://chromedriver.chromium.org/security-considerations for suggestions on keeping ChromeDriver safe.
ChromeDriver was started successfully.
Mar 06, 2021 1:46:53 PM org.openqa.selenium.remote.ProtocolHandshake createSession
INFO: Detected dialect: W3C
]]></system-err>
  </testcase>
  <testcase name="Get all Employees" classname="Syntax HRMS API Workflow" time="0">
    <skipped message="The step &quot;a JWT is generated&quot; is undefined. You can implement it using the snippet(s) below:&#10;&#10;@Given(&quot;a JWT is generated&quot;)&#10;public void a_JWT_is_generated() {&#10;    // Write code here that turns the phrase above into concrete actions&#10;    throw new io.cucumber.java.PendingException();&#10;}&#10;&#10;&#10;Some other steps were also undefined:&#10;&#10;@Given(&quot;a request is prepared to get all Employees&quot;)&#10;public void a_request_is_prepared_to_get_all_Employees() {&#10;    // Write code here that turns the phrase above into concrete actions&#10;    throw new io.cucumber.java.PendingException();&#10;}&#10;@When(&quot;a GET call is made to get all Employees&quot;)&#10;public void a_GET_call_is_made_to_get_all_Employees() {&#10;    // Write code here that turns the phrase above into concrete actions&#10;    throw new io.cucumber.java.PendingException();&#10;}&#10;@Then(&quot;the status code is {int}&quot;)&#10;public void the_status_code_is(Integer int1) {&#10;    // Write code here that turns the phrase above into concrete actions&#10;    throw new io.cucumber.java.PendingException();&#10;}&#10;@Then(&quot;it contains key1 {string} and key2 {string}&quot;)&#10;public void it_contains_key1_and_key2(String string, String string2) {&#10;    // Write code here that turns the phrase above into concrete actions&#10;    throw new io.cucumber.java.PendingException();&#10;}&#10;"/>
    <system-out><![CDATA[
@apiWorkflow
Scenario: Get all Employees                                   &amp#27;[90m# src/test/resources/features/apiWorkflow.feature:59&amp#27;[0m
  &amp#27;[33mGiven &amp#27;[0m&amp#27;[33ma JWT is generated&amp#27;[0m                                    &amp#27;[90m# null&amp#27;[0m
  &amp#27;[33mGiven &amp#27;[0m&amp#27;[33ma request is prepared to get all Employees&amp#27;[0m            &amp#27;[90m# null&amp#27;[0m
  &amp#27;[33mWhen &amp#27;[0m&amp#27;[33ma GET call is made to get all Employees&amp#27;[0m                &amp#27;[90m# null&amp#27;[0m
  &amp#27;[33mThen &amp#27;[0m&amp#27;[33mthe status code is 200&amp#27;[0m                                 &amp#27;[90m# null&amp#27;[0m
  &amp#27;[33mAnd &amp#27;[0m&amp#27;[33mit contains key1 "Total Employees" and key2 "Employees"&amp#27;[0m &amp#27;[90m# null&amp#27;[0m

    Embedding Get all Employees [image/png 195820 bytes]

]]></system-out>
    <system-err><![CDATA[Starting ChromeDriver 88.0.4324.96 (68dba2d8a0b149a1d3afac56fa74648032bcf46b-refs/branch-heads/4324@{#1784}) on port 38784
Only local connections are allowed.
Please see https://chromedriver.chromium.org/security-considerations for suggestions on keeping ChromeDriver safe.
ChromeDriver was started successfully.
Mar 06, 2021 1:46:55 PM org.openqa.selenium.remote.ProtocolHandshake createSession
INFO: Detected dialect: W3C
]]></system-err>
  </testcase>
  <testcase name="Retrieve all Employees status" classname="Syntax HRMS API Workflow" time="0">
    <skipped message="The step &quot;a JWT is generated&quot; is undefined. You can implement it using the snippet(s) below:&#10;&#10;@Given(&quot;a JWT is generated&quot;)&#10;public void a_JWT_is_generated() {&#10;    // Write code here that turns the phrase above into concrete actions&#10;    throw new io.cucumber.java.PendingException();&#10;}&#10;&#10;&#10;Some other steps were also undefined:&#10;&#10;@Given(&quot;a request is prepared to get all Employees status&quot;)&#10;public void a_request_is_prepared_to_get_all_Employees_status() {&#10;    // Write code here that turns the phrase above into concrete actions&#10;    throw new io.cucumber.java.PendingException();&#10;}&#10;@When(&quot;a GET call is made to retrieve all Employees status&quot;)&#10;public void a_GET_call_is_made_to_retrieve_all_Employees_status() {&#10;    // Write code here that turns the phrase above into concrete actions&#10;    throw new io.cucumber.java.PendingException();&#10;}&#10;@Then(&quot;the status code is {int}&quot;)&#10;public void the_status_code_is(Integer int1) {&#10;    // Write code here that turns the phrase above into concrete actions&#10;    throw new io.cucumber.java.PendingException();&#10;}&#10;@Then(&quot;it contains the value1 {string} and value2 {string}&quot;)&#10;public void it_contains_the_value1_and_value2(String string, String string2) {&#10;    // Write code here that turns the phrase above into concrete actions&#10;    throw new io.cucumber.java.PendingException();&#10;}&#10;"/>
    <system-out><![CDATA[
@apiWorkflow
Scenario: Retrieve all Employees status                     &amp#27;[90m# src/test/resources/features/apiWorkflow.feature:65&amp#27;[0m
  &amp#27;[33mGiven &amp#27;[0m&amp#27;[33ma JWT is generated&amp#27;[0m                                  &amp#27;[90m# null&amp#27;[0m
  &amp#27;[33mGiven &amp#27;[0m&amp#27;[33ma request is prepared to get all Employees status&amp#27;[0m   &amp#27;[90m# null&amp#27;[0m
  &amp#27;[33mWhen &amp#27;[0m&amp#27;[33ma GET call is made to retrieve all Employees status&amp#27;[0m  &amp#27;[90m# null&amp#27;[0m
  &amp#27;[33mThen &amp#27;[0m&amp#27;[33mthe status code is 200&amp#27;[0m                               &amp#27;[90m# null&amp#27;[0m
  &amp#27;[33mAnd &amp#27;[0m&amp#27;[33mit contains the value1 "Employee" and value2 "Worker"&amp#27;[0m &amp#27;[90m# null&amp#27;[0m

    Embedding Retrieve all Employees status [image/png 195820 bytes]

]]></system-out>
    <system-err><![CDATA[Starting ChromeDriver 88.0.4324.96 (68dba2d8a0b149a1d3afac56fa74648032bcf46b-refs/branch-heads/4324@{#1784}) on port 7211
Only local connections are allowed.
Please see https://chromedriver.chromium.org/security-considerations for suggestions on keeping ChromeDriver safe.
ChromeDriver was started successfully.
Mar 06, 2021 1:46:56 PM org.openqa.selenium.remote.ProtocolHandshake createSession
INFO: Detected dialect: W3C
]]></system-err>
  </testcase>
</testsuite>